2020-08-10 10:42:51,853 ERROR: Exception on /login [GET] [in /opt/anaconda3/lib/python3.7/site-packages/flask/app.py:1891]
Traceback (most recent call last):
  File "/opt/anaconda3/lib/python3.7/site-packages/flask/app.py", line 2446, in wsgi_app
    response = self.full_dispatch_request()
  File "/opt/anaconda3/lib/python3.7/site-packages/flask/app.py", line 1951, in full_dispatch_request
    rv = self.handle_user_exception(e)
  File "/opt/anaconda3/lib/python3.7/site-packages/flask/app.py", line 1820, in handle_user_exception
    reraise(exc_type, exc_value, tb)
  File "/opt/anaconda3/lib/python3.7/site-packages/flask/_compat.py", line 39, in reraise
    raise value
  File "/opt/anaconda3/lib/python3.7/site-packages/flask/app.py", line 1949, in full_dispatch_request
    rv = self.dispatch_request()
  File "/opt/anaconda3/lib/python3.7/site-packages/flask/app.py", line 1935, in dispatch_request
    return self.view_functions[rule.endpoint](**req.view_args)
  File "/Users/blayneb/Desktop/bjb_blog/app/routes.py", line 46, in login
    return render_template('login.html', title='Sign In', form=form)
  File "/opt/anaconda3/lib/python3.7/site-packages/flask/templating.py", line 140, in render_template
    ctx.app,
  File "/opt/anaconda3/lib/python3.7/site-packages/flask/templating.py", line 120, in _render
    rv = template.render(context)
  File "/opt/anaconda3/lib/python3.7/site-packages/jinja2/asyncsupport.py", line 76, in render
    return original_render(self, *args, **kwargs)
  File "/opt/anaconda3/lib/python3.7/site-packages/jinja2/environment.py", line 1008, in render
    return self.environment.handle_exception(exc_info, True)
  File "/opt/anaconda3/lib/python3.7/site-packages/jinja2/environment.py", line 780, in handle_exception
    reraise(exc_type, exc_value, tb)
  File "/opt/anaconda3/lib/python3.7/site-packages/jinja2/_compat.py", line 37, in reraise
    raise value.with_traceback(tb)
  File "/Users/blayneb/Desktop/bjb_blog/app/templates/login.html", line 1, in top-level template code
    {% extends "base.html" %}
  File "/opt/anaconda3/lib/python3.7/site-packages/jinja2/environment.py", line 1005, in render
    return concat(self.root_render_func(self.new_context(vars)))
  File "/Users/blayneb/Desktop/bjb_blog/app/templates/login.html", line 14, in root
    <p>
  File "/Users/blayneb/Desktop/bjb_blog/app/templates/base.html", line 14, in root
    <span class="icon-bar"></span>
  File "/opt/anaconda3/lib/python3.7/site-packages/flask_bootstrap/templates/bootstrap/base.html", line 10, in root
    <meta name="viewport" content="width=device-width, initial-scale=1.0">
  File "/opt/anaconda3/lib/python3.7/site-packages/flask_bootstrap/templates/bootstrap/base.html", line 20, in block_doc
    {% block body -%}
  File "/opt/anaconda3/lib/python3.7/site-packages/flask_bootstrap/templates/bootstrap/base.html", line 39, in block_html
  File "/opt/anaconda3/lib/python3.7/site-packages/flask_bootstrap/templates/bootstrap/base.html", line 90, in block_body
  File "/Users/blayneb/Desktop/bjb_blog/app/templates/base.html", line 43, in block_navbar
    <li><a href="{{ url_for('main.user', username=current_user.username) }}">{{ _('Profile') }}</a></li>
  File "/opt/anaconda3/lib/python3.7/site-packages/jinja2/runtime.py", line 262, in call
    return __obj(*args, **kwargs)
  File "/opt/anaconda3/lib/python3.7/site-packages/flask/helpers.py", line 370, in url_for
    return appctx.app.handle_url_build_error(error, endpoint, values)
  File "/opt/anaconda3/lib/python3.7/site-packages/flask/app.py", line 2215, in handle_url_build_error
    reraise(exc_type, exc_value, tb)
  File "/opt/anaconda3/lib/python3.7/site-packages/flask/_compat.py", line 39, in reraise
    raise value
  File "/opt/anaconda3/lib/python3.7/site-packages/flask/helpers.py", line 358, in url_for
    endpoint, values, method=method, force_external=external
  File "/opt/anaconda3/lib/python3.7/site-packages/werkzeug/routing.py", line 2020, in build
    raise BuildError(endpoint, values, method, self)
werkzeug.routing.BuildError: Could not build url for endpoint 'main.index'. Did you mean 'index' instead?
2020-08-10 10:51:13,344 INFO: Microblog startup [in /Users/blayneb/Desktop/bjb_blog/app/__init__.py:46]
2020-08-11 08:42:16,299 INFO: Microblog startup [in /Users/blayneb/Desktop/bjb_blog/app/__init__.py:46]
2020-08-11 08:56:25,151 INFO: Microblog startup [in /Users/blayneb/Desktop/bjb_blog/app/__init__.py:47]
2020-08-11 09:11:04,778 INFO: Microblog startup [in /Users/blayneb/Desktop/bjb_blog/app/__init__.py:48]
2020-08-19 08:28:11,425 INFO: Microblog startup [in /Users/blayneb/Desktop/bjb_blog/app/__init__.py:48]
2020-08-19 08:28:45,508 INFO: Microblog startup [in /Users/blayneb/Desktop/bjb_blog/app/__init__.py:48]
2020-08-19 08:44:00,008 INFO: Microblog startup [in /Users/blayneb/Desktop/bjb_blog/app/__init__.py:48]
2020-08-19 08:47:07,638 INFO: Microblog startup [in /Users/blayneb/Desktop/bjb_blog/app/__init__.py:48]
2020-08-19 08:47:22,747 INFO: Microblog startup [in /Users/blayneb/Desktop/bjb_blog/app/__init__.py:48]
2020-08-19 08:49:04,734 INFO: Microblog startup [in /Users/blayneb/Desktop/bjb_blog/app/__init__.py:48]
2020-08-19 08:49:55,981 INFO: Microblog startup [in /Users/blayneb/Desktop/bjb_blog/app/__init__.py:48]
2020-08-19 08:50:13,712 INFO: Microblog startup [in /Users/blayneb/Desktop/bjb_blog/app/__init__.py:48]
2020-08-19 08:51:13,314 INFO: Microblog startup [in /Users/blayneb/Desktop/bjb_blog/app/__init__.py:48]
2020-08-19 09:07:08,162 INFO: Microblog startup [in /Users/blayneb/Desktop/bjb_blog/app/__init__.py:48]
2020-08-19 09:07:42,780 INFO: Microblog startup [in /Users/blayneb/Desktop/bjb_blog/app/__init__.py:48]
2020-08-19 09:09:23,162 INFO: Microblog startup [in /Users/blayneb/Desktop/bjb_blog/app/__init__.py:48]
2020-08-19 09:10:35,927 INFO: Microblog startup [in /Users/blayneb/Desktop/bjb_blog/app/__init__.py:48]
2020-08-19 09:10:38,253 INFO: Microblog startup [in /Users/blayneb/Desktop/bjb_blog/app/__init__.py:48]
2020-08-19 09:12:41,866 INFO: Microblog startup [in /Users/blayneb/Desktop/bjb_blog/app/__init__.py:48]
2020-08-19 09:13:39,382 INFO: Microblog startup [in /Users/blayneb/Desktop/bjb_blog/app/__init__.py:48]
2020-08-19 09:14:11,289 INFO: Microblog startup [in /Users/blayneb/Desktop/bjb_blog/app/__init__.py:48]
2020-08-19 09:19:34,705 INFO: Microblog startup [in /Users/blayneb/Desktop/bjb_blog/app/__init__.py:48]
2020-08-23 11:02:07,546 INFO: Microblog startup [in /Users/blayneb/Desktop/bjb_blog/app/__init__.py:48]
2020-08-23 11:44:02,346 INFO: Microblog startup [in /Users/blayneb/Desktop/bjb_blog/app/__init__.py:48]
